u:\documents\cpsc591\rollercoaster\debug\renderer.ilk
u:\documents\cpsc591\rollercoaster\debug\renderer.exe
u:\documents\cpsc591\rollercoaster\debug\renderer.pdb
u:\documents\cpsc591\rollercoaster\debug\vc140.pdb
u:\documents\cpsc591\rollercoaster\debug\vc140.idb
u:\documents\cpsc591\rollercoaster\debug\graphicsmanager.obj
u:\documents\cpsc591\rollercoaster\debug\imagebuffer.obj
u:\documents\cpsc591\rollercoaster\debug\imagereader.obj
u:\documents\cpsc591\rollercoaster\debug\inputhandler.obj
u:\documents\cpsc591\rollercoaster\debug\light.obj
u:\documents\cpsc591\rollercoaster\debug\mesh.obj
u:\documents\cpsc591\rollercoaster\debug\meshmanager.obj
u:\documents\cpsc591\rollercoaster\debug\meshobject.obj
u:\documents\cpsc591\rollercoaster\debug\mouse_handler.obj
u:\documents\cpsc591\rollercoaster\debug\object.obj
u:\documents\cpsc591\rollercoaster\debug\object3d.obj
u:\documents\cpsc591\rollercoaster\debug\object_factory.obj
u:\documents\cpsc591\rollercoaster\debug\plane.obj
u:\documents\cpsc591\rollercoaster\debug\shader.obj
u:\documents\cpsc591\rollercoaster\debug\shadermanager.obj
u:\documents\cpsc591\rollercoaster\debug\sphere.obj
u:\documents\cpsc591\rollercoaster\debug\texture.obj
u:\documents\cpsc591\rollercoaster\debug\texturemanager.obj
u:\documents\cpsc591\rollercoaster\debug\triangle.obj
u:\documents\cpsc591\rollercoaster\debug\main.obj
u:\documents\cpsc591\rollercoaster\debug\anim_track.obj
u:\documents\cpsc591\rollercoaster\debug\camera.obj
u:\documents\cpsc591\rollercoaster\debug\cmdhandler.obj
u:\documents\cpsc591\rollercoaster\debug\edgebuffer.obj
u:\documents\cpsc591\rollercoaster\debug\environmentmanager.obj
u:\documents\cpsc591\rollercoaster\debug\anim_track.new.obj.enc
u:\documents\cpsc591\rollercoaster\debug\renderer.tlog\link.command.1.tlog
u:\documents\cpsc591\rollercoaster\debug\renderer.tlog\link.write.1.tlog
u:\documents\cpsc591\rollercoaster\debug\renderer.tlog\cl.read.1.tlog
u:\documents\cpsc591\rollercoaster\debug\renderer.tlog\cl.write.1.tlog
u:\documents\cpsc591\rollercoaster\debug\renderer.tlog\cl.command.1.tlog
u:\documents\cpsc591\rollercoaster\debug\renderer.tlog\link.read.1.tlog
