  Triangle.cpp
c:\users\pyratic\documents\open_gl_wrappers\glfw\include\glfw\glfw3.h(131): fatal error C1083: Cannot open include file: 'GL/glcorearb.h': No such file or directory
  TextureManager.cpp
c:\users\pyratic\documents\open_gl_wrappers\glfw\include\glfw\glfw3.h(131): fatal error C1083: Cannot open include file: 'GL/glcorearb.h': No such file or directory
  Texture.cpp
c:\users\pyratic\documents\open_gl_wrappers\glfw\include\glfw\glfw3.h(131): fatal error C1083: Cannot open include file: 'GL/glcorearb.h': No such file or directory
  Sphere.cpp
c:\users\pyratic\documents\open_gl_wrappers\glfw\include\glfw\glfw3.h(131): fatal error C1083: Cannot open include file: 'GL/glcorearb.h': No such file or directory
  ShaderManager.cpp
c:\users\pyratic\documents\open_gl_wrappers\glfw\include\glfw\glfw3.h(131): fatal error C1083: Cannot open include file: 'GL/glcorearb.h': No such file or directory
  Shader.cpp
c:\users\pyratic\documents\open_gl_wrappers\glfw\include\glfw\glfw3.h(131): fatal error C1083: Cannot open include file: 'GL/glcorearb.h': No such file or directory
  Plane.cpp
c:\users\pyratic\documents\open_gl_wrappers\glfw\include\glfw\glfw3.h(131): fatal error C1083: Cannot open include file: 'GL/glcorearb.h': No such file or directory
  Object_Factory.cpp
c:\users\pyratic\documents\open_gl_wrappers\glfw\include\glfw\glfw3.h(131): fatal error C1083: Cannot open include file: 'GL/glcorearb.h': No such file or directory
  Object3D.cpp
c:\users\pyratic\documents\open_gl_wrappers\glfw\include\glfw\glfw3.h(131): fatal error C1083: Cannot open include file: 'GL/glcorearb.h': No such file or directory
  Object.cpp
c:\users\pyratic\documents\open_gl_wrappers\glfw\include\glfw\glfw3.h(131): fatal error C1083: Cannot open include file: 'GL/glcorearb.h': No such file or directory
  Mouse_Handler.cpp
c:\users\pyratic\documents\open_gl_wrappers\glfw\include\glfw\glfw3.h(131): fatal error C1083: Cannot open include file: 'GL/glcorearb.h': No such file or directory
  MeshObject.cpp
c:\users\pyratic\documents\open_gl_wrappers\glfw\include\glfw\glfw3.h(131): fatal error C1083: Cannot open include file: 'GL/glcorearb.h': No such file or directory
  MeshManager.cpp
c:\users\pyratic\documents\open_gl_wrappers\glfw\include\glfw\glfw3.h(131): fatal error C1083: Cannot open include file: 'GL/glcorearb.h': No such file or directory
  Mesh.cpp
c:\users\pyratic\documents\open_gl_wrappers\glfw\include\glfw\glfw3.h(131): fatal error C1083: Cannot open include file: 'GL/glcorearb.h': No such file or directory
  main.cpp
c:\users\pyratic\documents\open_gl_wrappers\glfw\include\glfw\glfw3.h(131): fatal error C1083: Cannot open include file: 'GL/glcorearb.h': No such file or directory
  Light.cpp
c:\users\pyratic\documents\open_gl_wrappers\glfw\include\glfw\glfw3.h(131): fatal error C1083: Cannot open include file: 'GL/glcorearb.h': No such file or directory
  InputHandler.cpp
c:\users\pyratic\documents\open_gl_wrappers\glfw\include\glfw\glfw3.h(131): fatal error C1083: Cannot open include file: 'GL/glcorearb.h': No such file or directory
  ImageReader.cpp
c:\users\pyratic\documents\open_gl_wrappers\glfw\include\glfw\glfw3.h(131): fatal error C1083: Cannot open include file: 'GL/glcorearb.h': No such file or directory
  ImageBuffer.cpp
c:\users\pyratic\documents\open_gl_wrappers\glfw\include\glfw\glfw3.h(131): fatal error C1083: Cannot open include file: 'GL/glcorearb.h': No such file or directory
  GraphicsManager.cpp
c:\users\pyratic\documents\open_gl_wrappers\glfw\include\glfw\glfw3.h(131): fatal error C1083: Cannot open include file: 'GL/glcorearb.h': No such file or directory
  Generating Code...
  Compiling...
  EnvironmentManager.cpp
c:\users\pyratic\documents\open_gl_wrappers\glfw\include\glfw\glfw3.h(131): fatal error C1083: Cannot open include file: 'GL/glcorearb.h': No such file or directory
  EdgeBuffer.cpp
c:\users\pyratic\documents\open_gl_wrappers\glfw\include\glfw\glfw3.h(131): fatal error C1083: Cannot open include file: 'GL/glcorearb.h': No such file or directory
  CmdHandler.cpp
c:\users\pyratic\documents\open_gl_wrappers\glfw\include\glfw\glfw3.h(131): fatal error C1083: Cannot open include file: 'GL/glcorearb.h': No such file or directory
  Camera.cpp
c:\users\pyratic\documents\open_gl_wrappers\glfw\include\glfw\glfw3.h(131): fatal error C1083: Cannot open include file: 'GL/glcorearb.h': No such file or directory
  Anim_Track.cpp
  Generating Code...
