  Anim_Track.cpp
  CmdHandler.cpp
  EdgeBuffer.cpp
  EnvironmentManager.cpp
  GraphicsManager.cpp
  ImageBuffer.cpp
Source\ImageBuffer.cpp(217): warning C4244: '=': conversion from 'float' to 'BYTE', possible loss of data
Source\ImageBuffer.cpp(218): warning C4244: '=': conversion from 'float' to 'BYTE', possible loss of data
Source\ImageBuffer.cpp(219): warning C4244: '=': conversion from 'float' to 'BYTE', possible loss of data
  ImageReader.cpp
  InputHandler.cpp
  Light.cpp
  Mesh.cpp
  MeshManager.cpp
  MeshObject.cpp
  Mouse_Handler.cpp
  Object.cpp
  Object3D.cpp
  Object_Factory.cpp
  Plane.cpp
  ShaderManager.cpp
  Sphere.cpp
  TextureManager.cpp
  Compiling...
  Triangle.cpp
  main.cpp
  Generating code
  0 of 5392 functions ( 0.0%) were compiled, the rest were copied from previous compilation.
    0 functions were new in current compilation
    76 functions had inline decision re-evaluated but remain unchanged
  Finished generating code
  Renderer.vcxproj -> U:\Documents\CPSC591\RollerCoaster\Release\Renderer.exe
  Renderer.vcxproj -> U:\Documents\CPSC591\RollerCoaster\Release\Renderer.pdb (Full PDB)
